<?xml version="1.0" encoding="UTF-8"?>
<testsuite xmlns:xsi="http://www.w3.org/2001/XMLSchema-instance" xsi:noNamespaceSchemaLocation="https://maven.apache.org/surefire/maven-surefire-plugin/xsd/surefire-test-report-3.0.xsd" version="3.0" name="microservices.CucumberRunnerTest" time="2.475" tests="14" errors="0" skipped="0" failures="0">
  <properties>
    <property name="sun.desktop" value="gnome"/>
    <property name="awt.toolkit" value="sun.awt.X11.XToolkit"/>
    <property name="java.specification.version" value="11"/>
    <property name="sun.cpu.isalist" value=""/>
    <property name="sun.jnu.encoding" value="UTF-8"/>
    <property name="java.class.path" value="/home/kosta/Desktop/SkyCell/target/test-classes:/home/kosta/Desktop/SkyCell/target/classes:/home/kosta/.m2/repository/junit/junit/4.12/junit-4.12.jar:/home/kosta/.m2/repository/org/hamcrest/hamcrest-core/1.3/hamcrest-core-1.3.jar:/home/kosta/.m2/repository/io/cucumber/cucumber-java/6.8.1/cucumber-java-6.8.1.jar:/home/kosta/.m2/repository/io/cucumber/cucumber-core/6.8.1/cucumber-core-6.8.1.jar:/home/kosta/.m2/repository/io/cucumber/cucumber-gherkin/6.8.1/cucumber-gherkin-6.8.1.jar:/home/kosta/.m2/repository/io/cucumber/cucumber-gherkin-messages/6.8.1/cucumber-gherkin-messages-6.8.1.jar:/home/kosta/.m2/repository/io/cucumber/messages/13.1.0/messages-13.1.0.jar:/home/kosta/.m2/repository/io/cucumber/tag-expressions/3.0.0/tag-expressions-3.0.0.jar:/home/kosta/.m2/repository/io/cucumber/cucumber-expressions/10.3.0/cucumber-expressions-10.3.0.jar:/home/kosta/.m2/repository/io/cucumber/datatable/3.5.0/datatable-3.5.0.jar:/home/kosta/.m2/repository/io/cucumber/cucumber-plugin/6.8.1/cucumber-plugin-6.8.1.jar:/home/kosta/.m2/repository/io/cucumber/docstring/6.8.1/docstring-6.8.1.jar:/home/kosta/.m2/repository/io/cucumber/html-formatter/9.0.0/html-formatter-9.0.0.jar:/home/kosta/.m2/repository/io/cucumber/create-meta/2.0.2/create-meta-2.0.2.jar:/home/kosta/.m2/repository/org/apiguardian/apiguardian-api/1.1.0/apiguardian-api-1.1.0.jar:/home/kosta/.m2/repository/io/cucumber/cucumber-junit/6.8.1/cucumber-junit-6.8.1.jar:/home/kosta/.m2/repository/org/assertj/assertj-core/3.10.0/assertj-core-3.10.0.jar:/home/kosta/.m2/repository/com/konghq/unirest-java/3.14.1/unirest-java-3.14.1.jar:/home/kosta/.m2/repository/org/apache/httpcomponents/httpclient/4.5.13/httpclient-4.5.13.jar:/home/kosta/.m2/repository/org/apache/httpcomponents/httpcore/4.4.13/httpcore-4.4.13.jar:/home/kosta/.m2/repository/commons-logging/commons-logging/1.2/commons-logging-1.2.jar:/home/kosta/.m2/repository/org/apache/httpcomponents/httpmime/4.5.13/httpmime-4.5.13.jar:/home/kosta/.m2/repository/org/apache/httpcomponents/httpcore-nio/4.4.13/httpcore-nio-4.4.13.jar:/home/kosta/.m2/repository/org/apache/httpcomponents/httpasyncclient/4.1.5/httpasyncclient-4.1.5.jar:/home/kosta/.m2/repository/commons-codec/commons-codec/1.15/commons-codec-1.15.jar:/home/kosta/.m2/repository/com/google/code/gson/gson/2.10/gson-2.10.jar:"/>
    <property name="java.vm.vendor" value="Ubuntu"/>
    <property name="sun.arch.data.model" value="64"/>
    <property name="java.vendor.url" value="https://ubuntu.com/"/>
    <property name="user.timezone" value=""/>
    <property name="java.vm.specification.version" value="11"/>
    <property name="os.name" value="Linux"/>
    <property name="sun.java.launcher" value="SUN_STANDARD"/>
    <property name="user.country" value="US"/>
    <property name="sun.boot.library.path" value="/usr/lib/jvm/java-11-openjdk-amd64/lib"/>
    <property name="sun.java.command" value="/home/kosta/Desktop/SkyCell/target/surefire/surefirebooter-20231215131603952_3.jar /home/kosta/Desktop/SkyCell/target/surefire 2023-12-15T13-16-03_847-jvmRun1 surefire-20231215131603952_1tmp surefire_0-20231215131603952_2tmp"/>
    <property name="jdk.debug" value="release"/>
    <property name="surefire.test.class.path" value="/home/kosta/Desktop/SkyCell/target/test-classes:/home/kosta/Desktop/SkyCell/target/classes:/home/kosta/.m2/repository/junit/junit/4.12/junit-4.12.jar:/home/kosta/.m2/repository/org/hamcrest/hamcrest-core/1.3/hamcrest-core-1.3.jar:/home/kosta/.m2/repository/io/cucumber/cucumber-java/6.8.1/cucumber-java-6.8.1.jar:/home/kosta/.m2/repository/io/cucumber/cucumber-core/6.8.1/cucumber-core-6.8.1.jar:/home/kosta/.m2/repository/io/cucumber/cucumber-gherkin/6.8.1/cucumber-gherkin-6.8.1.jar:/home/kosta/.m2/repository/io/cucumber/cucumber-gherkin-messages/6.8.1/cucumber-gherkin-messages-6.8.1.jar:/home/kosta/.m2/repository/io/cucumber/messages/13.1.0/messages-13.1.0.jar:/home/kosta/.m2/repository/io/cucumber/tag-expressions/3.0.0/tag-expressions-3.0.0.jar:/home/kosta/.m2/repository/io/cucumber/cucumber-expressions/10.3.0/cucumber-expressions-10.3.0.jar:/home/kosta/.m2/repository/io/cucumber/datatable/3.5.0/datatable-3.5.0.jar:/home/kosta/.m2/repository/io/cucumber/cucumber-plugin/6.8.1/cucumber-plugin-6.8.1.jar:/home/kosta/.m2/repository/io/cucumber/docstring/6.8.1/docstring-6.8.1.jar:/home/kosta/.m2/repository/io/cucumber/html-formatter/9.0.0/html-formatter-9.0.0.jar:/home/kosta/.m2/repository/io/cucumber/create-meta/2.0.2/create-meta-2.0.2.jar:/home/kosta/.m2/repository/org/apiguardian/apiguardian-api/1.1.0/apiguardian-api-1.1.0.jar:/home/kosta/.m2/repository/io/cucumber/cucumber-junit/6.8.1/cucumber-junit-6.8.1.jar:/home/kosta/.m2/repository/org/assertj/assertj-core/3.10.0/assertj-core-3.10.0.jar:/home/kosta/.m2/repository/com/konghq/unirest-java/3.14.1/unirest-java-3.14.1.jar:/home/kosta/.m2/repository/org/apache/httpcomponents/httpclient/4.5.13/httpclient-4.5.13.jar:/home/kosta/.m2/repository/org/apache/httpcomponents/httpcore/4.4.13/httpcore-4.4.13.jar:/home/kosta/.m2/repository/commons-logging/commons-logging/1.2/commons-logging-1.2.jar:/home/kosta/.m2/repository/org/apache/httpcomponents/httpmime/4.5.13/httpmime-4.5.13.jar:/home/kosta/.m2/repository/org/apache/httpcomponents/httpcore-nio/4.4.13/httpcore-nio-4.4.13.jar:/home/kosta/.m2/repository/org/apache/httpcomponents/httpasyncclient/4.1.5/httpasyncclient-4.1.5.jar:/home/kosta/.m2/repository/commons-codec/commons-codec/1.15/commons-codec-1.15.jar:/home/kosta/.m2/repository/com/google/code/gson/gson/2.10/gson-2.10.jar:"/>
    <property name="sun.cpu.endian" value="little"/>
    <property name="user.home" value="/home/kosta"/>
    <property name="user.language" value="en"/>
    <property name="java.specification.vendor" value="Oracle Corporation"/>
    <property name="java.version.date" value="2023-10-17"/>
    <property name="java.home" value="/usr/lib/jvm/java-11-openjdk-amd64"/>
    <property name="file.separator" value="/"/>
    <property name="basedir" value="/home/kosta/Desktop/SkyCell"/>
    <property name="java.vm.compressedOopsMode" value="Zero based"/>
    <property name="line.separator" value="&#10;"/>
    <property name="java.specification.name" value="Java Platform API Specification"/>
    <property name="java.vm.specification.vendor" value="Oracle Corporation"/>
    <property name="java.awt.graphicsenv" value="sun.awt.X11GraphicsEnvironment"/>
    <property name="surefire.real.class.path" value="/home/kosta/Desktop/SkyCell/target/surefire/surefirebooter-20231215131603952_3.jar"/>
    <property name="sun.management.compiler" value="HotSpot 64-Bit Tiered Compilers"/>
    <property name="java.runtime.version" value="11.0.21+9-post-Ubuntu-0ubuntu122.04"/>
    <property name="user.name" value="kosta"/>
    <property name="path.separator" value=":"/>
    <property name="os.version" value="5.15.0-91-generic"/>
    <property name="java.runtime.name" value="OpenJDK Runtime Environment"/>
    <property name="file.encoding" value="UTF-8"/>
    <property name="java.vm.name" value="OpenJDK 64-Bit Server VM"/>
    <property name="localRepository" value="/home/kosta/.m2/repository"/>
    <property name="java.vendor.url.bug" value="https://bugs.launchpad.net/ubuntu/+source/openjdk-lts"/>
    <property name="java.io.tmpdir" value="/tmp"/>
    <property name="java.version" value="11.0.21"/>
    <property name="user.dir" value="/home/kosta/Desktop/SkyCell"/>
    <property name="os.arch" value="amd64"/>
    <property name="java.vm.specification.name" value="Java Virtual Machine Specification"/>
    <property name="java.awt.printerjob" value="sun.print.PSPrinterJob"/>
    <property name="sun.os.patch.level" value="unknown"/>
    <property name="java.library.path" value="/usr/java/packages/lib:/usr/lib/x86_64-linux-gnu/jni:/lib/x86_64-linux-gnu:/usr/lib/x86_64-linux-gnu:/usr/lib/jni:/lib:/usr/lib"/>
    <property name="java.vm.info" value="mixed mode, sharing"/>
    <property name="java.vendor" value="Ubuntu"/>
    <property name="java.vm.version" value="11.0.21+9-post-Ubuntu-0ubuntu122.04"/>
    <property name="java.specification.maintenance.version" value="2"/>
    <property name="sun.io.unicode.encoding" value="UnicodeLittle"/>
    <property name="java.class.version" value="55.0"/>
  </properties>
  <testcase name="User is able to authenticate" classname="Authentication" time="0.888">
    <system-out><![CDATA[
Scenario: User is able to authenticate                                &amp#27;[90m# src/test/resources/features/authentication/authentication.feature:3&amp#27;[0m
  &amp#27;[32mWhen &amp#27;[0m&amp#27;[32mI register member with &amp#27;[0m&amp#27;[32m&amp#27;[1m"static_username"&amp#27;[0m&amp#27;[32m and &amp#27;[0m&amp#27;[32m&amp#27;[1m"static_password"&amp#27;[0m &amp#27;[90m# microservices.cucumber.api.RegisterMember.registerMember(java.lang.String,java.lang.String)&amp#27;[0m
  &amp#27;[32mThen &amp#27;[0m&amp#27;[32mI should see token is generated with status &amp#27;[0m&amp#27;[32m&amp#27;[1m"successfully"&amp#27;[0m     &amp#27;[90m# microservices.cucumber.api.RegisterMember.tokenIsGenerated(java.lang.String)&amp#27;[0m
]]></system-out>
  </testcase>
  <testcase name="User is not able to authenticate without username" classname="Authentication" time="0.06">
    <system-out><![CDATA[
Scenario: User is not able to authenticate without username          &amp#27;[90m# src/test/resources/features/authentication/authentication.feature:7&amp#27;[0m
  &amp#27;[32mWhen &amp#27;[0m&amp#27;[32mI register member with &amp#27;[0m&amp#27;[32m&amp#27;[1m"wrong_username"&amp#27;[0m&amp#27;[32m and &amp#27;[0m&amp#27;[32m&amp#27;[1m"static_password"&amp#27;[0m &amp#27;[90m# microservices.cucumber.api.RegisterMember.registerMember(java.lang.String,java.lang.String)&amp#27;[0m
  &amp#27;[32mThen &amp#27;[0m&amp#27;[32mI should see token is generated with status &amp#27;[0m&amp#27;[32m&amp#27;[1m"invalid_grant"&amp#27;[0m   &amp#27;[90m# microservices.cucumber.api.RegisterMember.tokenIsGenerated(java.lang.String)&amp#27;[0m
]]></system-out>
  </testcase>
  <testcase name="User is not able to authenticate without password" classname="Authentication" time="0.117">
    <system-out><![CDATA[
Scenario: User is not able to authenticate without password          &amp#27;[90m# src/test/resources/features/authentication/authentication.feature:11&amp#27;[0m
  &amp#27;[32mWhen &amp#27;[0m&amp#27;[32mI register member with &amp#27;[0m&amp#27;[32m&amp#27;[1m"static_username"&amp#27;[0m&amp#27;[32m and &amp#27;[0m&amp#27;[32m&amp#27;[1m"wrong_password"&amp#27;[0m &amp#27;[90m# microservices.cucumber.api.RegisterMember.registerMember(java.lang.String,java.lang.String)&amp#27;[0m
  &amp#27;[32mThen &amp#27;[0m&amp#27;[32mI should see token is generated with status &amp#27;[0m&amp#27;[32m&amp#27;[1m"invalid_grant"&amp#27;[0m   &amp#27;[90m# microservices.cucumber.api.RegisterMember.tokenIsGenerated(java.lang.String)&amp#27;[0m
]]></system-out>
  </testcase>
  <testcase name="User is not able to authenticate without username and password" classname="Authentication" time="0.063">
    <system-out><![CDATA[
Scenario: User is not able to authenticate without username and password &amp#27;[90m# src/test/resources/features/authentication/authentication.feature:15&amp#27;[0m
  &amp#27;[32mWhen &amp#27;[0m&amp#27;[32mI register member with &amp#27;[0m&amp#27;[32m&amp#27;[1m"wrong_username"&amp#27;[0m&amp#27;[32m and &amp#27;[0m&amp#27;[32m&amp#27;[1m"wrong_password"&amp#27;[0m      &amp#27;[90m# microservices.cucumber.api.RegisterMember.registerMember(java.lang.String,java.lang.String)&amp#27;[0m
  &amp#27;[32mThen &amp#27;[0m&amp#27;[32mI should see token is generated with status &amp#27;[0m&amp#27;[32m&amp#27;[1m"invalid_grant"&amp#27;[0m       &amp#27;[90m# microservices.cucumber.api.RegisterMember.tokenIsGenerated(java.lang.String)&amp#27;[0m
]]></system-out>
  </testcase>
  <testcase name="User is able to register logger 810T" classname="Logger type 810T" time="0.218">
    <system-out><![CDATA[
Scenario: User is able to register logger 810T                                         &amp#27;[90m# src/test/resources/features/loggers/logger_type_mr_810T.feature:3&amp#27;[0m
  &amp#27;[32mWhen &amp#27;[0m&amp#27;[32mI register logger &amp#27;[0m&amp#27;[32m&amp#27;[1m"type810T"&amp#27;[0m&amp#27;[32m with nex &amp#27;[0m&amp#27;[32m&amp#27;[1m"staticLoggerNumberType810T"&amp#27;[0m&amp#27;[32m length of &amp#27;[0m&amp#27;[32m&amp#27;[1m16&amp#27;[0m &amp#27;[90m# microservices.cucumber.api.Loggers.registerLogger(java.lang.String,java.lang.String,java.lang.Integer)&amp#27;[0m
  &amp#27;[32mThen &amp#27;[0m&amp#27;[32mI should see request with status &amp#27;[0m&amp#27;[32m&amp#27;[1m"created"&amp#27;[0m                                      &amp#27;[90m# microservices.cucumber.api.Loggers.loggerIsCreated(java.lang.String)&amp#27;[0m
]]></system-out>
  </testcase>
  <testcase name="User is not able to register not supported logger" classname="Logger type 810T" time="0.043">
    <system-out><![CDATA[
Scenario: User is not able to register not supported logger                                        &amp#27;[90m# src/test/resources/features/loggers/logger_type_mr_810T.feature:12&amp#27;[0m
  &amp#27;[32mWhen &amp#27;[0m&amp#27;[32mI register logger &amp#27;[0m&amp#27;[32m&amp#27;[1m"type80080801NT"&amp#27;[0m&amp#27;[32m with nex &amp#27;[0m&amp#27;[32m&amp#27;[1m"newNexLoggerNumberType80080801NT"&amp#27;[0m&amp#27;[32m length of &amp#27;[0m&amp#27;[32m&amp#27;[1m16&amp#27;[0m &amp#27;[90m# microservices.cucumber.api.Loggers.registerLogger(java.lang.String,java.lang.String,java.lang.Integer)&amp#27;[0m
  &amp#27;[32mThen &amp#27;[0m&amp#27;[32mI should see request with status &amp#27;[0m&amp#27;[32m&amp#27;[1m"bad request"&amp#27;[0m                                              &amp#27;[90m# microservices.cucumber.api.Loggers.loggerIsCreated(java.lang.String)&amp#27;[0m
]]></system-out>
  </testcase>
  <testcase name="User is not able to register supported logger 810T without nex number" classname="Logger type 810T" time="0.046">
    <system-out><![CDATA[
Scenario: User is not able to register supported logger 810T without nex number &amp#27;[90m# src/test/resources/features/loggers/logger_type_mr_810T.feature:16&amp#27;[0m
  &amp#27;[32mWhen &amp#27;[0m&amp#27;[32mI register logger &amp#27;[0m&amp#27;[32m&amp#27;[1m"type810T"&amp#27;[0m&amp#27;[32m with nex &amp#27;[0m&amp#27;[32m&amp#27;[1m""&amp#27;[0m&amp#27;[32m length of &amp#27;[0m&amp#27;[32m&amp#27;[1m16&amp#27;[0m                    &amp#27;[90m# microservices.cucumber.api.Loggers.registerLogger(java.lang.String,java.lang.String,java.lang.Integer)&amp#27;[0m
  &amp#27;[32mThen &amp#27;[0m&amp#27;[32mI should see request with status &amp#27;[0m&amp#27;[32m&amp#27;[1m"bad request"&amp#27;[0m                           &amp#27;[90m# microservices.cucumber.api.Loggers.loggerIsCreated(java.lang.String)&amp#27;[0m
]]></system-out>
  </testcase>
  <testcase name="User is able to register supported logger 810T with nex length of 1" classname="Logger type 810T" time="0.07">
    <system-out><![CDATA[
Scenario: User is able to register supported logger 810T with nex length of 1 &amp#27;[90m# src/test/resources/features/loggers/logger_type_mr_810T.feature:20&amp#27;[0m
  &amp#27;[32mWhen &amp#27;[0m&amp#27;[32mI register logger &amp#27;[0m&amp#27;[32m&amp#27;[1m"type810T"&amp#27;[0m&amp#27;[32m with nex &amp#27;[0m&amp#27;[32m&amp#27;[1m"valid"&amp#27;[0m&amp#27;[32m length of &amp#27;[0m&amp#27;[32m&amp#27;[1m1&amp#27;[0m              &amp#27;[90m# microservices.cucumber.api.Loggers.registerLogger(java.lang.String,java.lang.String,java.lang.Integer)&amp#27;[0m
  &amp#27;[32mThen &amp#27;[0m&amp#27;[32mI should see request with status &amp#27;[0m&amp#27;[32m&amp#27;[1m"created"&amp#27;[0m                             &amp#27;[90m# microservices.cucumber.api.Loggers.loggerIsCreated(java.lang.String)&amp#27;[0m
]]></system-out>
  </testcase>
  <testcase name="User is not able to register supported logger 810T with nex length of 17" classname="Logger type 810T" time="0.057">
    <system-out><![CDATA[
Scenario: User is not able to register supported logger 810T with nex length of 17 &amp#27;[90m# src/test/resources/features/loggers/logger_type_mr_810T.feature:24&amp#27;[0m
  &amp#27;[32mWhen &amp#27;[0m&amp#27;[32mI register logger &amp#27;[0m&amp#27;[32m&amp#27;[1m"type810T"&amp#27;[0m&amp#27;[32m with nex &amp#27;[0m&amp#27;[32m&amp#27;[1m"checkLength"&amp#27;[0m&amp#27;[32m length of &amp#27;[0m&amp#27;[32m&amp#27;[1m17&amp#27;[0m            &amp#27;[90m# microservices.cucumber.api.Loggers.registerLogger(java.lang.String,java.lang.String,java.lang.Integer)&amp#27;[0m
  &amp#27;[32mThen &amp#27;[0m&amp#27;[32mI should see request with status &amp#27;[0m&amp#27;[32m&amp#27;[1m"bad request"&amp#27;[0m                              &amp#27;[90m# microservices.cucumber.api.Loggers.loggerIsCreated(java.lang.String)&amp#27;[0m
]]></system-out>
  </testcase>
  <testcase name="User is able to register logger 812P" classname="Logger type 812P" time="0.052">
    <system-out><![CDATA[
Scenario: User is able to register logger 812P                                         &amp#27;[90m# src/test/resources/features/loggers/logger_type_mr_812P.feature:3&amp#27;[0m
  &amp#27;[32mWhen &amp#27;[0m&amp#27;[32mI register logger &amp#27;[0m&amp#27;[32m&amp#27;[1m"type812P"&amp#27;[0m&amp#27;[32m with nex &amp#27;[0m&amp#27;[32m&amp#27;[1m"staticLoggerNumberType812P"&amp#27;[0m&amp#27;[32m length of &amp#27;[0m&amp#27;[32m&amp#27;[1m16&amp#27;[0m &amp#27;[90m# microservices.cucumber.api.Loggers.registerLogger(java.lang.String,java.lang.String,java.lang.Integer)&amp#27;[0m
  &amp#27;[32mThen &amp#27;[0m&amp#27;[32mI should see request with status &amp#27;[0m&amp#27;[32m&amp#27;[1m"created"&amp#27;[0m                                      &amp#27;[90m# microservices.cucumber.api.Loggers.loggerIsCreated(java.lang.String)&amp#27;[0m
]]></system-out>
  </testcase>
  <testcase name="User is not able to register not supported logger type" classname="Logger type 812P" time="0.048">
    <system-out><![CDATA[
Scenario: User is not able to register not supported logger type                                  &amp#27;[90m# src/test/resources/features/loggers/logger_type_mr_812P.feature:12&amp#27;[0m
  &amp#27;[32mWhen &amp#27;[0m&amp#27;[32mI register logger &amp#27;[0m&amp#27;[32m&amp#27;[1m"type80128012P"&amp#27;[0m&amp#27;[32m with nex &amp#27;[0m&amp#27;[32m&amp#27;[1m"newNexLoggerNumberType80080801NT"&amp#27;[0m&amp#27;[32m length of &amp#27;[0m&amp#27;[32m&amp#27;[1m16&amp#27;[0m &amp#27;[90m# microservices.cucumber.api.Loggers.registerLogger(java.lang.String,java.lang.String,java.lang.Integer)&amp#27;[0m
  &amp#27;[32mThen &amp#27;[0m&amp#27;[32mI should see request with status &amp#27;[0m&amp#27;[32m&amp#27;[1m"bad request"&amp#27;[0m                                             &amp#27;[90m# microservices.cucumber.api.Loggers.loggerIsCreated(java.lang.String)&amp#27;[0m
]]></system-out>
  </testcase>
  <testcase name="User is not able to register supported logger 812P without nex number" classname="Logger type 812P" time="0.05">
    <system-out><![CDATA[
Scenario: User is not able to register supported logger 812P without nex number &amp#27;[90m# src/test/resources/features/loggers/logger_type_mr_812P.feature:16&amp#27;[0m
  &amp#27;[32mWhen &amp#27;[0m&amp#27;[32mI register logger &amp#27;[0m&amp#27;[32m&amp#27;[1m"type812P"&amp#27;[0m&amp#27;[32m with nex &amp#27;[0m&amp#27;[32m&amp#27;[1m""&amp#27;[0m&amp#27;[32m length of &amp#27;[0m&amp#27;[32m&amp#27;[1m16&amp#27;[0m                    &amp#27;[90m# microservices.cucumber.api.Loggers.registerLogger(java.lang.String,java.lang.String,java.lang.Integer)&amp#27;[0m
  &amp#27;[32mThen &amp#27;[0m&amp#27;[32mI should see request with status &amp#27;[0m&amp#27;[32m&amp#27;[1m"bad request"&amp#27;[0m                           &amp#27;[90m# microservices.cucumber.api.Loggers.loggerIsCreated(java.lang.String)&amp#27;[0m
]]></system-out>
  </testcase>
  <testcase name="User is able to register supported logger 812P with nex length of 1" classname="Logger type 812P" time="0.053">
    <system-out><![CDATA[
Scenario: User is able to register supported logger 812P with nex length of 1 &amp#27;[90m# src/test/resources/features/loggers/logger_type_mr_812P.feature:20&amp#27;[0m
  &amp#27;[32mWhen &amp#27;[0m&amp#27;[32mI register logger &amp#27;[0m&amp#27;[32m&amp#27;[1m"type812P"&amp#27;[0m&amp#27;[32m with nex &amp#27;[0m&amp#27;[32m&amp#27;[1m"valid"&amp#27;[0m&amp#27;[32m length of &amp#27;[0m&amp#27;[32m&amp#27;[1m1&amp#27;[0m              &amp#27;[90m# microservices.cucumber.api.Loggers.registerLogger(java.lang.String,java.lang.String,java.lang.Integer)&amp#27;[0m
  &amp#27;[32mThen &amp#27;[0m&amp#27;[32mI should see request with status &amp#27;[0m&amp#27;[32m&amp#27;[1m"created"&amp#27;[0m                             &amp#27;[90m# microservices.cucumber.api.Loggers.loggerIsCreated(java.lang.String)&amp#27;[0m
]]></system-out>
  </testcase>
  <testcase name="User is not able to register supported logger 812P with nex length of 17" classname="Logger type 812P" time="0.041">
    <system-out><![CDATA[
Scenario: User is not able to register supported logger 812P with nex length of 17 &amp#27;[90m# src/test/resources/features/loggers/logger_type_mr_812P.feature:24&amp#27;[0m
  &amp#27;[32mWhen &amp#27;[0m&amp#27;[32mI register logger &amp#27;[0m&amp#27;[32m&amp#27;[1m"type812P"&amp#27;[0m&amp#27;[32m with nex &amp#27;[0m&amp#27;[32m&amp#27;[1m"checkLength"&amp#27;[0m&amp#27;[32m length of &amp#27;[0m&amp#27;[32m&amp#27;[1m17&amp#27;[0m            &amp#27;[90m# microservices.cucumber.api.Loggers.registerLogger(java.lang.String,java.lang.String,java.lang.Integer)&amp#27;[0m
  &amp#27;[32mThen &amp#27;[0m&amp#27;[32mI should see request with status &amp#27;[0m&amp#27;[32m&amp#27;[1m"bad request"&amp#27;[0m                              &amp#27;[90m# microservices.cucumber.api.Loggers.loggerIsCreated(java.lang.String)&amp#27;[0m
]]></system-out>
  </testcase>
</testsuite>